<?xml version="1.0" encoding="UTF-8"?>
<!-- Generated by org.testng.reporters.JUnitXMLReporter -->
<testsuite hostname="GUR00250583L" ignored="0" name="Page Object Model Project" tests="2" failures="0" timestamp="26 Dec 2019 14:32:40 GMT" time="0.041" errors="0">
  <testcase name="@BeforeClass setup" time="0.0" classname="com.wallethub.tests.TestFacebookPage">
    <failure type="org.testng.TestNGException" message="
Parameter &amp;apos;browser&amp;apos; is required by BeforeClass on method setup but has not been marked @Optional or defined
in C:\Users\SSrivast2\source\repos\bdc-git-sandbox\wallethub\testng.xml">
      <![CDATA[org.testng.TestNGException: 
Parameter 'browser' is required by BeforeClass on method setup but has not been marked @Optional or defined
in C:\Users\SSrivast2\source\repos\bdc-git-sandbox\wallethub\testng.xml
... Removed 23 stack frames]]>
    </failure>
  </testcase> <!-- @BeforeClass setup -->
  <testcase name="@AfterClass teardown" time="0.0" classname="com.wallethub.tests.TestFacebookPage">
    <skipped/>
  </testcase> <!-- @AfterClass teardown -->
  <testcase name="loginTest" time="0.0" classname="com.wallethub.tests.TestFacebookPage">
    <skipped/>
  </testcase> <!-- loginTest -->
  <testcase name="postStatusTest" time="0.0" classname="com.wallethub.tests.TestFacebookPage">
    <skipped/>
  </testcase> <!-- postStatusTest -->
</testsuite> <!-- Page Object Model Project -->
